#
# There is insufficient memory for the Java Runtime Environment to continue.
# Native memory allocation (mmap) failed to map 134217728 bytes for G1 virtual space
# Possible reasons:
#   The system is out of physical RAM or swap space
#   The process is running with CompressedOops enabled, and the Java Heap may be blocking the growth of the native heap
# Possible solutions:
#   Reduce memory load on the system
#   Increase physical memory or swap space
#   Check if swap backing store is full
#   Decrease Java heap size (-Xmx/-Xms)
#   Decrease number of Java threads
#   Decrease Java thread stack sizes (-Xss)
#   Set larger code cache with -XX:ReservedCodeCacheSize=
#   JVM is running with Unscaled Compressed Oops mode in which the Java heap is
#     placed in the first 4GB address space. The Java Heap base address is the
#     maximum limit for the native heap growth. Please use -XX:HeapBaseMinAddress
#     to set the Java Heap base and to place the Java Heap above 4GB virtual address.
# This output file may be truncated or incomplete.
#
#  Out of Memory Error (os_windows.cpp:3466), pid=7392, tid=5196
#
# JRE version:  (16.0.2+7) (build )
# Java VM: Java HotSpot(TM) 64-Bit Server VM (16.0.2+7-67, mixed mode, sharing, tiered, compressed oops, compressed class ptrs, g1 gc, windows-amd64)
# No core dump will be written. Minidumps are not enabled by default on client versions of Windows
#

---------------  S U M M A R Y ------------

Command Line: 

Host: Intel(R) Pentium(R) CPU G2010 @ 2.80GHz, 2 cores, 7G,  Windows 10 , 64 bit Build 19041 (10.0.19041.1202)
Time: Mon Sep 27 08:54:13 2021 SE Asia Standard Time elapsed time: 0.099898 seconds (0d 0h 0m 0s)

---------------  T H R E A D  ---------------

Current thread (0x000001ff9d467320):  JavaThread "Unknown thread" [_thread_in_vm, id=5196, stack(0x000000d4b4f00000,0x000000d4b5000000)]

Stack: [0x000000d4b4f00000,0x000000d4b5000000]
Native frames: (J=compiled Java code, j=interpreted, Vv=VM code, C=native code)
V  [jvm.dll+0x6681ca]
V  [jvm.dll+0x7c9e69]
V  [jvm.dll+0x7cb61e]
V  [jvm.dll+0x7cbc73]
V  [jvm.dll+0x242c55]
V  [jvm.dll+0x664f89]
V  [jvm.dll+0x659b75]
V  [jvm.dll+0x2fbfbb]
V  [jvm.dll+0x3031b6]
V  [jvm.dll+0x35299e]
V  [jvm.dll+0x352bcf]
V  [jvm.dll+0x2d3028]
V  [jvm.dll+0x2d4264]
V  [jvm.dll+0x79c741]
V  [jvm.dll+0x360791]
V  [jvm.dll+0x77a3f0]
V  [jvm.dll+0x3e4e8f]
V  [jvm.dll+0x3e6961]
C  [jli.dll+0x52fb]
C  [ucrtbase.dll+0x21bb2]
C  [KERNEL32.DLL+0x17034]
C  [ntdll.dll+0x52651]


---------------  P R O C E S S  ---------------

Threads class SMR info:
_java_thread_list=0x00007ffba827cbb8, length=0, elements={
}

Java Threads: ( => current thread )

Other Threads:
  0x000001ff9d4a5ec0 GCTaskThread "GC Thread#0" [stack: 0x000000d4b5000000,0x000000d4b5100000] [id=2224]
  0x000001ff9d4b8830 ConcurrentGCThread "G1 Main Marker" [stack: 0x000000d4b5100000,0x000000d4b5200000] [id=8964]
  0x000001ff9d4b9320 ConcurrentGCThread "G1 Conc#0" [stack: 0x000000d4b5200000,0x000000d4b5300000] [id=3480]

[error occurred during error reporting (printing all threads), id 0xc0000005, EXCEPTION_ACCESS_VIOLATION (0xc0000005) at pc=0x00007ffba7a53ee7]

VM state: not at safepoint (not fully initialized)

VM Mutex/Monitor currently owned by a thread:  ([mutex/lock_event])
[0x000001ff9d4634b0] Heap_lock - owner thread: 0x000001ff9d467320

Heap address: 0x0000000081c00000, size: 2020 MB, Compressed Oops mode: 32-bit

CDS archive(s) mapped at: [0x0000000000000000-0x0000000000000000-0x0000000000000000), size 0, SharedBaseAddress: 0x0000000800000000, ArchiveRelocationMode: 0.
Narrow klass base: 0x0000000000000000, Narrow klass shift: 0, Narrow klass range: 0x0

GC Precious Log:
<Empty>

Heap:
 garbage-first heap   total 0K, used 0K [0x0000000081c00000, 0x0000000100000000)
  region size 1024K, 0 young (0K), 0 survivors (0K)

[error occurred during error reporting (printing heap information), id 0xc0000005, EXCEPTION_ACCESS_VIOLATION (0xc0000005) at pc=0x00007ffba7e31eed]

GC Heap History (0 events):
No events

Deoptimization events (0 events):
No events

Classes unloaded (0 events):
No events

Classes redefined (0 events):
No events

Internal exceptions (0 events):
No events

Events (1 events):
Event: 0.056 Loaded shared library C:\Program Files\Java\jdk-16.0.2\bin\java.dll


Dynamic libraries:
0x00007ff7eb4c0000 - 0x00007ff7eb4d0000 	C:\Program Files\Java\jdk-16.0.2\bin\java.exe
0x00007ffbd00b0000 - 0x00007ffbd02a5000 	C:\WINDOWS\SYSTEM32\ntdll.dll
0x00007ffbce650000 - 0x00007ffbce70e000 	C:\WINDOWS\System32\KERNEL32.DLL
0x00007ffbcdb70000 - 0x00007ffbcde39000 	C:\WINDOWS\System32\KERNELBASE.dll
0x00007ffbcd9c0000 - 0x00007ffbcdac0000 	C:\WINDOWS\System32\ucrtbase.dll
0x00007ffbc20d0000 - 0x00007ffbc20e8000 	C:\Program Files\Java\jdk-16.0.2\bin\jli.dll
0x00007ffbcfd50000 - 0x00007ffbcfdfc000 	C:\WINDOWS\System32\ADVAPI32.dll
0x00007ffbcef70000 - 0x00007ffbcf00e000 	C:\WINDOWS\System32\msvcrt.dll
0x00007ffbcf8d0000 - 0x00007ffbcf96b000 	C:\WINDOWS\System32\sechost.dll
0x00007ffbcf170000 - 0x00007ffbcf29a000 	C:\WINDOWS\System32\RPCRT4.dll
0x00007ffbcfe00000 - 0x00007ffbcffa1000 	C:\WINDOWS\System32\USER32.dll
0x00007ffbce0a0000 - 0x00007ffbce0c2000 	C:\WINDOWS\System32\win32u.dll
0x00007ffbce800000 - 0x00007ffbce82b000 	C:\WINDOWS\System32\GDI32.dll
0x00007ffbcdef0000 - 0x00007ffbcdffb000 	C:\WINDOWS\System32\gdi32full.dll
0x00007ffbce000000 - 0x00007ffbce09d000 	C:\WINDOWS\System32\msvcp_win.dll
0x00007ffbb5920000 - 0x00007ffbb5bba000 	C:\WINDOWS\WinSxS\amd64_microsoft.windows.common-controls_6595b64144ccf1df_6.0.19041.1110_none_60b5254171f9507e\COMCTL32.dll
0x00007ffbc59d0000 - 0x00007ffbc59da000 	C:\WINDOWS\SYSTEM32\VERSION.dll
0x00007ffbc20b0000 - 0x00007ffbc20c9000 	C:\Program Files\Java\jdk-16.0.2\bin\VCRUNTIME140.dll
0x00007ffbcf010000 - 0x00007ffbcf040000 	C:\WINDOWS\System32\IMM32.DLL
0x00007ffbc9050000 - 0x00007ffbc905c000 	C:\Program Files\Java\jdk-16.0.2\bin\vcruntime140_1.dll
0x00007ffbbc810000 - 0x00007ffbbc8a1000 	C:\Program Files\Java\jdk-16.0.2\bin\msvcp140.dll
0x00007ffba7770000 - 0x00007ffba831b000 	C:\Program Files\Java\jdk-16.0.2\bin\server\jvm.dll
0x00007ffbce7f0000 - 0x00007ffbce7f8000 	C:\WINDOWS\System32\PSAPI.DLL
0x00007ffbb4270000 - 0x00007ffbb4297000 	C:\WINDOWS\SYSTEM32\WINMM.dll
0x00007ffbc0570000 - 0x00007ffbc0579000 	C:\WINDOWS\SYSTEM32\WSOCK32.dll
0x00007ffbcf2a0000 - 0x00007ffbcf30b000 	C:\WINDOWS\System32\WS2_32.dll
0x00007ffbcb6f0000 - 0x00007ffbcb702000 	C:\WINDOWS\SYSTEM32\kernel.appcore.dll
0x00007ffbc8360000 - 0x00007ffbc836a000 	C:\Program Files\Java\jdk-16.0.2\bin\jimage.dll
0x00007ffbc86f0000 - 0x00007ffbc88d4000 	C:\WINDOWS\SYSTEM32\DBGHELP.DLL
0x00007ffbc84b0000 - 0x00007ffbc84dc000 	C:\WINDOWS\SYSTEM32\dbgcore.DLL
0x00007ffbcd7d0000 - 0x00007ffbcd853000 	C:\WINDOWS\System32\bcryptPrimitives.dll
0x00007ffbbd0c0000 - 0x00007ffbbd0e5000 	C:\Program Files\Java\jdk-16.0.2\bin\java.dll

dbghelp: loaded successfully - version: 4.0.5 - missing functions: none
symbol engine: initialized successfully - sym options: 0x614 - pdb path: .;C:\Program Files\Java\jdk-16.0.2\bin;C:\WINDOWS\SYSTEM32;C:\WINDOWS\WinSxS\amd64_microsoft.windows.common-controls_6595b64144ccf1df_6.0.19041.1110_none_60b5254171f9507e;C:\Program Files\Java\jdk-16.0.2\bin\server

VM Arguments:
java_command: <unknown>
java_class_path (initial): <not set>
Launcher Type: SUN_STANDARD

[Global flags]
     intx CICompilerCount                          = 2                                         {product} {ergonomic}
     uint ConcGCThreads                            = 1                                         {product} {ergonomic}
     uint G1ConcRefinementThreads                  = 2                                         {product} {ergonomic}
   size_t G1HeapRegionSize                         = 1048576                                   {product} {ergonomic}
    uintx GCDrainStackTargetSize                   = 64                                        {product} {ergonomic}
   size_t InitialHeapSize                          = 134217728                                 {product} {ergonomic}
   size_t MarkStackSize                            = 4194304                                   {product} {ergonomic}
   size_t MaxHeapSize                              = 2118123520                                {product} {ergonomic}
   size_t MinHeapDeltaBytes                        = 1048576                                   {product} {ergonomic}
   size_t MinHeapSize                              = 8388608                                   {product} {ergonomic}
    uintx NonNMethodCodeHeapSize                   = 5826188                                {pd product} {ergonomic}
    uintx NonProfiledCodeHeapSize                  = 122916026                              {pd product} {ergonomic}
    uintx ProfiledCodeHeapSize                     = 122916026                              {pd product} {ergonomic}
    uintx ReservedCodeCacheSize                    = 251658240                              {pd product} {ergonomic}
     bool SegmentedCodeCache                       = true                                      {product} {ergonomic}
   size_t SoftMaxHeapSize                          = 2118123520                             {manageable} {ergonomic}
     bool UseCompressedClassPointers               = true                           {product lp64_product} {ergonomic}
     bool UseCompressedOops                        = true                           {product lp64_product} {ergonomic}
     bool UseG1GC                                  = true                                      {product} {ergonomic}
     bool UseLargePagesIndividualAllocation        = false                                  {pd product} {ergonomic}

Logging:
Log output configuration:
 #0: stdout all=warning uptime,level,tags
 #1: stderr all=off uptime,level,tags

Environment Variables:
PATH=C:\Program Files\Common Files\Oracle\Java\javapath;C:\ProgramData\Oracle\Java\javapath;C:\WINDOWS\system32;C:\WINDOWS;C:\WINDOWS\System32\Wbem;C:\WINDOWS\System32\WindowsPowerShell\v1.0\;C:\WINDOWS\System32\OpenSSH\;C:\TortoiseSVN\bin;C:\Users\TAJUL\AppData\Local\Microsoft\WindowsApps;;D:\Android\flutter\bin\mingit\cmd
USERNAME=TAJUL
OS=Windows_NT
PROCESSOR_IDENTIFIER=Intel64 Family 6 Model 58 Stepping 9, GenuineIntel



---------------  S Y S T E M  ---------------

OS:
 Windows 10 , 64 bit Build 19041 (10.0.19041.1202)
OS uptime: 6 days 22:07 hours

CPU: total 2 (initial active 2) (2 cores per cpu, 1 threads per core) family 6 model 58 stepping 9 microcode 0x21, cx8, cmov, fxsr, mmx, sse, sse2, sse3, ssse3, sse4.1, sse4.2, popcnt, tsc, tscinvbit, erms, clmul, clflush

Memory: 4k page, system-wide physical 8079M (1176M free)
TotalPageFile size 20495M (AvailPageFile size 22M)
current process WorkingSet (physical memory assigned to process): 9M, peak: 9M
current process commit charge ("private bytes"): 47M, peak: 175M

vm_info: Java HotSpot(TM) 64-Bit Server VM (16.0.2+7-67) for windows-amd64 JRE (16.0.2+7-67), built on Jun  8 2021 23:24:19 by "mach5one" with MS VC++ 16.7 (VS2019)

END.
